--- object
[3520, 4294910496, 2160]
[2, 2]
[100665408, 100665408]
0
[67, -1]
-1
-1
[-1, -1]
--- object
[3280, 23010, 2160]
[1, 1]
[100665408, 100665408]
0
[63, -1]
-1
-1
[-1, -1]
--- object
[3120, 23010, 2160]
[1, 1]
[100665408, 100665408]
0
[63, -1]
-1
-1
[-1, -1]
--- object
[2960, 23010, 2160]
[1, 1]
[100665408, 100665408]
0
[63, -1]
-1
-1
[-1, -1]
--- object
[2800, 23010, 2160]
[1, 1]
[100665408, 100665408]
0
[63, -1]
-1
-1
[-1, -1]
--- object
[1360, 92960, 3600]
[1, 1]
[100669504, 100665408]
0
[61, -1]
-1
-1
[-1, -1]
--- object
[3440, 49600, 2960]
[3, 3]
[100666432, 100665408]
0
[68, -1]
7
-1
[-1, -1]
--- object
[2800, 11740, 3600]
[3, 1]
[100665416, 100665408]
0
[53, -1]
-1
-1
[-1, -1]
--- object
[3280, 11740, 3600]
[3, 1]
[100665408, 100665408]
0
[53, -1]
-1
-1
[-1, -1]
--- object
[2480, 48090, 2960]
[3, 3]
[104859840, 100665408]
10027157
[59, -1]
12
-1
[-1, -1]
--- object
[2640, 48080, 2640]
[3, 3]
[109054016, 100665408]
16711841
[59, -1]
11
-1
[-1, -1]
--- object
[2800, 48070, 2320]
[3, 3]
[104859712, 100665408]
9961727
[59, -1]
10
-1
[-1, -1]
--- object
[2960, 48060, 2320]
[3, 3]
[113248320, 100665408]
16711834
[59, -1]
9
-1
[-1, -1]
--- object
[3120, 48050, 2640]
[3, 3]
[104859712, 100665408]
16711829
[59, -1]
8
-1
[-1, -1]
--- object
[3280, 48100, 2800]
[3, 3]
[100665536, 100665408]
16711831
[59, -1]
7
-1
[-1, -1]
--- object
[3440, 48040, 2960]
[3, 3]
[104859712, 100665408]
16711830
[59, -1]
6
-1
[-1, -1]
--- object
[3280, 48030, 3120]
[3, 3]
[100665408, 100665408]
9437439
[59, -1]
5
-1
[-1, -1]
--- object
[2960, 48020, 3120]
[3, 3]
[100665408, 100665408]
9437439
[59, -1]
4
-1
[-1, -1]
--- object
[2640, 48010, 3120]
[3, 3]
[100665408, 100665408]
16711935
[59, -1]
3
-1
[-1, -1]
--- object
[2720, 4294897396, 1360]
[2, 2]
[117442624, 100665408]
0
[66, -1]
-1
-1
[-1, -1]
--- object
[3040, 4294897396, 1360]
[2, 2]
[100665408, 100665408]
0
[66, -1]
-1
-1
[-1, -1]
--- object
[3760, 4294907306, 400]
[3, 5]
[100665408, 100665408]
0
[14, -1]
-1
-1
[-1, -1]
--- object
[3520, 92810, 1680]
[2, 2]
[100665408, 100665408]
0
[42, -1]
2
-1
[-1, -1]
--- object
[2160, 92800, 400]
[1, 1]
[100665408, 100665408]
0
[45, -1]
-1
-1
[-1, -1]
--- object
[2320, 93050, 400]
[1, 1]
[100665408, 100665408]
0
[52, -1]
-1
-1
[-1, -1]
--- object
[3760, 93040, 400]
[1, 1]
[100665408, 100665408]
0
[57, -1]
-1
-1
[-1, -1]
--- object
[2800, 4294916516, 1040]
[1, 2]
[101713984, 100665408]
0
[55, -1]
-1
-1
[-1, -1]
--- object
[3600, 4294916516, 400]
[1, 2]
[100665408, 100665408]
0
[55, -1]
-1
-1
[-1, -1]
--- object
[3440, 92790, 400]
[1, 1]
[100665408, 100665408]
0
[18, -1]
-1
-1
[-1, -1]
--- object
[880, 4294910396, 880]
[1, 10]
[100665408, 100665408]
8323197
[64, -1]
-1
-1
[-1, -1]
--- object
[880, 23010, 720]
[1, 1]
[100665408, 100665408]
0
[29, -1]
-1
-1
[-1, -1]
--- object
[1200, 93030, 2960]
[1, 1]
[100665408, 100665408]
0
[39, -1]
-1
-1
[-1, -1]
--- object
[1360, 93020, 2960]
[1, 1]
[100665408, 100665408]
0
[46, -1]
-1
-1
[-1, -1]
--- object
[1200, 92780, 2640]
[1, 1]
[67111232, 100665408]
0
[41, -1]
-1
-1
[-1, -1]
--- object
[2160, 93010, 2960]
[1, 1]
[100665408, 100665408]
0
[40, -1]
-1
-1
[-1, -1]
--- object
[2800, 4294911506, 880]
[4, 2]
[100665408, 100665408]
0
[17, -1]
-1
-1
[-1, -1]
--- object
[2640, 93000, 720]
[1, 1]
[109054016, 100665408]
0
[47, -1]
-1
-1
[-1, -1]
--- object
[3280, 72140, 400]
[1, 1]
[100665408, 100665408]
0
[54, -1]
-1
-1
[-1, -1]
--- object
[3120, 23010, 560]
[1, 1]
[100665408, 100665408]
0
[22, -1]
-1
-1
[-1, -1]
--- object
[2960, 23010, 560]
[1, 1]
[100665408, 100665408]
0
[22, -1]
-1
-1
[-1, -1]
--- object
[2800, 23010, 560]
[1, 1]
[100665408, 100665408]
0
[22, -1]
-1
-1
[-1, -1]
--- object
[2640, 23010, 560]
[1, 1]
[100665408, 100665408]
0
[22, -1]
-1
-1
[-1, -1]
--- object
[3120, 92770, 400]
[1, 1]
[100665408, 100665408]
0
[19, -1]
-1
-1
[-1, -1]
--- object
[2960, 23010, 400]
[1, 1]
[100665408, 100665408]
0
[21, -1]
-1
-1
[-1, -1]
--- object
[2800, 92990, 400]
[1, 1]
[100665412, 100665408]
0
[15, -1]
-1
-1
[-1, -1]
--- object
[2640, 92980, 400]
[1, 1]
[100665408, 100665408]
0
[15, -1]
-1
-1
[-1, -1]
--- object
[1360, 92970, 3440]
[1, 1]
[100669504, 100665408]
0
[58, -1]
-1
-1
[-1, -1]
--- object
[1520, 92760, 4080]
[1, 1]
[104859720, 100665408]
0
[24, -1]
-1
-1
[-1, -1]
--- object
[2240, 62600, 3760]
[4, 1]
[100665408, 100665408]
0
[36, -1]
-1
-1
[-1, -1]
--- object
[1120, 43995, 1280]
[1, 1]
[100665409, 100665408]
0
[60, -1]
0
-1
[-1, -1]
--- object
[2080, 92950, 3440]
[2, 2]
[100665408, 100665408]
0
[12, -1]
-1
-1
[-1, -1]
--- object
[1840, 92750, 2960]
[1, 1]
[100665412, 100665408]
0
[28, -1]
-1
-1
[-1, -1]
--- object
[2000, 92940, 2960]
[1, 1]
[100665408, 100665408]
0
[28, -1]
-1
-1
[-1, -1]
--- object
[1200, 92930, 3600]
[1, 1]
[100665408, 100665408]
0
[3, -1]
-1
-1
[-1, -1]
--- object
[1040, 4294907296, 2960]
[3, 4]
[100665408, 100665408]
0
[16, -1]
-1
-1
[-1, -1]
--- object
[1840, 23010, 1520]
[1, 1]
[100665408, 100665408]
0
[43, -1]
-1
-1
[-1, -1]
--- object
[1680, 23010, 1520]
[1, 1]
[100665408, 100665408]
0
[43, -1]
-1
-1
[-1, -1]
--- object
[1200, 23010, 1520]
[1, 1]
[100665408, 100665408]
0
[43, -1]
-1
-1
[-1, -1]
--- object
[1360, 23010, 1520]
[1, 1]
[100665408, 100665408]
0
[43, -1]
-1
-1
[-1, -1]
--- object
[3120, 92920, 1840]
[1, 1]
[100665408, 100665408]
0
[48, -1]
-1
-1
[-1, -1]
--- object
[2480, 92910, 400]
[1, 4]
[100665408, 100665408]
0
[13, -1]
-1
-1
[-1, -1]
--- object
[2000, 92740, 1040]
[1, 1]
[100665408, 100665408]
0
[33, -1]
-1
-1
[-1, -1]
--- object
[1360, 92730, 1040]
[1, 1]
[100665408, 100665408]
0
[35, -1]
-1
-1
[-1, -1]
--- object
[1520, 92720, 1200]
[1, 1]
[100665408, 100665408]
0
[34, -1]
-1
-1
[-1, -1]
--- object
[2640, 49590, 3120]
[4, 1]
[103812176, 100665408]
0
[11, -1]
12
-1
[-1, -1]
--- object
[1200, 92900, 2160]
[1, 1]
[100927558, 100665408]
0
[1, -1]
-1
-1
[-1, -1]
--- object
[1200, 92890, 1840]
[1, 1]
[100665412, 100665408]
0
[1, -1]
-1
-1
[-1, -1]
--- object
[1520, 92710, 2960]
[1, 1]
[100665412, 100665408]
0
[25, -1]
-1
-1
[-1, -1]
--- object
[1680, 92880, 2960]
[1, 1]
[100665408, 100665408]
0
[25, -1]
-1
-1
[-1, -1]
--- object
[1680, 92695, 2320]
[1, 2]
[100730944, 100665408]
0
[30, -1]
1
-1
[-1, -1]
--- object
[1680, 92700, 2320]
[1, 2]
[100665536, 100665408]
0
[31, -1]
1
-1
[-1, -1]
--- object
[2000, 92690, 720]
[1, 1]
[100665412, 100665408]
0
[44, -1]
-1
-1
[-1, -1]
--- object
[2160, 92870, 2160]
[1, 1]
[100665410, 100665408]
0
[0, -1]
-1
-1
[-1, -1]
--- object
[1840, 92860, 2160]
[1, 1]
[100665410, 100665408]
0
[1, -1]
-1
-1
[-1, -1]
--- object
[1520, 92850, 2160]
[1, 1]
[100665410, 100665408]
0
[2, -1]
-1
-1
[-1, -1]
--- object
[1520, 92840, 1840]
[1, 1]
[100665408, 100665408]
0
[2, -1]
-1
-1
[-1, -1]
--- object
[1840, 92830, 1840]
[1, 1]
[100665408, 100665408]
0
[1, -1]
-1
-1
[-1, -1]
--- object
[2160, 92820, 1840]
[1, 1]
[100665408, 100665408]
0
[0, -1]
-1
-1
[-1, -1]
--- object
[2160, 23010, 2800]
[1, 1]
[100665408, 100665408]
0
[6, -1]
-1
-1
[-1, -1]
--- object
[2000, 23010, 2800]
[1, 1]
[100665408, 100665408]
0
[6, -1]
-1
-1
[-1, -1]
--- object
[1840, 23010, 2800]
[1, 1]
[100665408, 100665408]
0
[6, -1]
-1
-1
[-1, -1]
--- object
[1680, 23010, 2800]
[1, 1]
[100665408, 100665408]
0
[6, -1]
-1
-1
[-1, -1]
--- object
[1520, 23010, 2800]
[1, 1]
[100665408, 100665408]
0
[6, -1]
-1
-1
[-1, -1]
--- object
[1360, 23010, 2800]
[1, 1]
[100665408, 100665408]
0
[6, -1]
-1
-1
[-1, -1]
--- object
[1200, 23010, 2800]
[1, 1]
[100665408, 100665408]
0
[6, -1]
-1
-1
[-1, -1]
--- object
[1040, 23010, 2800]
[1, 1]
[100665408, 100665408]
0
[6, -1]
-1
-1
[-1, -1]
--- object
[1040, 23010, 2640]
[1, 1]
[100665408, 100665408]
0
[6, -1]
-1
-1
[-1, -1]
--- object
[1040, 23010, 2480]
[1, 1]
[100665408, 100665408]
0
[6, -1]
-1
-1
[-1, -1]
--- object
[1040, 23010, 2320]
[1, 1]
[100665408, 100665408]
0
[6, -1]
-1
-1
[-1, -1]
--- object
[1040, 23010, 2160]
[1, 1]
[100665408, 100665408]
0
[6, -1]
-1
-1
[-1, -1]
--- object
[1040, 23010, 2000]
[1, 1]
[100665408, 100665408]
0
[6, -1]
-1
-1
[-1, -1]
--- object
[1040, 23010, 1840]
[1, 1]
[100665408, 100665408]
0
[6, -1]
-1
-1
[-1, -1]
--- object
[2320, 23010, 2800]
[1, 1]
[100665408, 100665408]
0
[6, -1]
-1
-1
[-1, -1]
--- object
[2320, 23010, 2640]
[1, 1]
[100665408, 100665408]
0
[6, -1]
-1
-1
[-1, -1]
--- object
[2320, 23010, 2480]
[1, 1]
[100665408, 100665408]
0
[6, -1]
-1
-1
[-1, -1]
--- object
[2320, 23010, 2320]
[1, 1]
[100665408, 100665408]
0
[6, -1]
-1
-1
[-1, -1]
--- object
[2320, 23010, 2160]
[1, 1]
[100665408, 100665408]
0
[6, -1]
-1
-1
[-1, -1]
--- object
[2320, 23010, 2000]
[1, 1]
[100665408, 100665408]
0
[6, -1]
-1
-1
[-1, -1]
--- object
[2320, 23010, 1840]
[1, 1]
[100665408, 100665408]
0
[6, -1]
-1
-1
[-1, -1]
--- object
[2320, 23010, 1680]
[1, 1]
[100665408, 100665408]
0
[6, -1]
-1
-1
[-1, -1]
--- object
[2160, 23010, 1680]
[1, 1]
[100665408, 100665408]
0
[6, -1]
-1
-1
[-1, -1]
--- object
[2000, 23010, 1680]
[1, 1]
[100665408, 100665408]
0
[6, -1]
-1
-1
[-1, -1]
--- object
[1840, 23010, 1680]
[1, 1]
[100665408, 100665408]
0
[6, -1]
-1
-1
[-1, -1]
--- object
[1680, 23010, 1680]
[1, 1]
[100665408, 100665408]
0
[6, -1]
-1
-1
[-1, -1]
--- object
[1520, 23010, 1680]
[1, 1]
[100665408, 100665408]
0
[6, -1]
-1
-1
[-1, -1]
--- object
[1360, 23010, 1680]
[1, 1]
[100665408, 100665408]
0
[6, -1]
-1
-1
[-1, -1]
--- object
[1200, 23010, 1680]
[1, 1]
[100665408, 100665408]
0
[6, -1]
-1
-1
[-1, -1]
--- object
[1040, 23010, 1680]
[1, 1]
[100665408, 100665408]
0
[6, -1]
-1
-1
[-1, -1]
--- object
[2000, 92680, 400]
[1, 1]
[100665408, 100665408]
0
[10, -1]
-1
-1
[-1, -1]
--- object
[1040, 13000, 400]
[1, 1]
[100665408, 100665408]
0
[8, -1]
-1
-1
[-1, -1]
--- object
[1200, 13000, 400]
[1, 1]
[100665408, 100665408]
0
[8, -1]
-1
-1
[-1, -1]
--- object
[1360, 13000, 400]
[1, 1]
[100665408, 100665408]
0
[8, -1]
-1
-1
[-1, -1]
--- object
[1520, 13000, 400]
[1, 1]
[100665408, 100665408]
0
[8, -1]
-1
-1
[-1, -1]
--- object
[1680, 13000, 400]
[1, 1]
[100665408, 100665408]
0
[8, -1]
-1
-1
[-1, -1]
--- object
[1840, 92670, 400]
[1, 1]
[100665408, 100665408]
0
[20, -1]
-1
-1
[-1, -1]
--- object
[2000, 23010, 880]
[1, 1]
[100665408, 100665408]
27
[7, -1]
-1
-1
[-1, -1]
--- object
[1840, 23010, 720]
[1, 1]
[100665408, 100665408]
66
[7, -1]
-1
-1
[-1, -1]
--- object
[1840, 23010, 880]
[1, 1]
[100665408, 100665408]
55
[7, -1]
-1
-1
[-1, -1]
--- object
[1040, 44000, 880]
[2, 3]
[100665536, 100665408]
0
[9, -1]
0
-1
[-1, -1]
--- object
[1360, 23010, 880]
[1, 1]
[100665408, 100665408]
25
[7, 1]
-1
-1
[-1, -1]
--- object
[1680, 23010, 1200]
[1, 1]
[100665408, 100665408]
28
[7, -1]
-1
-1
[-1, -1]
--- object
[1520, 23010, 1040]
[1, 1]
[100665408, 100665408]
58
[7, -1]
-1
-1
[-1, -1]
--- object
[1840, 23010, 1040]
[1, 1]
[100665408, 100665408]
60
[7, -1]
-1
-1
[-1, -1]
--- object
[1680, 23010, 560]
[1, 1]
[100665408, 100665408]
30
[7, -1]
-1
-1
[-1, -1]
--- object
[1680, 23010, 1040]
[1, 1]
[100665408, 100665408]
52
[7, -1]
-1
-1
[-1, -1]
--- object
[1520, 23010, 880]
[1, 1]
[100665408, 100665408]
54
[7, -1]
-1
-1
[-1, -1]
--- object
[1680, 23010, 880]
[1, 1]
[100665408, 100665408]
13
[7, -1]
-1
-1
[-1, -1]
--- object
[1680, 23010, 720]
[1, 1]
[100665408, 100665408]
53
[7, -1]
-1
-1
[-1, -1]
--- object
[1520, 23010, 720]
[1, 1]
[100665408, 100665408]
64
[7, -1]
-1
-1
[-1, -1]
--- object
[1360, 23010, 720]
[1, 1]
[100665408, 100665408]
0
[6, -1]
-1
-1
[-1, -1]
--- object
[1200, 23010, 720]
[1, 1]
[100665408, 100665408]
0
[5, -1]
-1
-1
[-1, -1]
--- object
[1040, 23010, 720]
[1, 1]
[100665408, 100665408]
0
[4, -1]
-1
-1
[-1, -1]
--- object
[1680, 23010, 240]
[1, 1]
[100665408, 100665408]
9
[7, -1]
-1
-1
[-1, -1]
--- object
[1840, 23010, 240]
[1, 1]
[100665408, 100665408]
9
[7, -1]
-1
-1
[-1, -1]
--- object
[880, 23010, 80]
[1, 1]
[100665408, 100665408]
19
[7, -1]
-1
-1
[-1, -1]
--- object
[1040, 23010, 80]
[1, 1]
[100665408, 100665408]
62
[7, -1]
-1
-1
[-1, -1]
--- object
[1200, 23010, 80]
[1, 1]
[100665408, 100665408]
62
[7, -1]
-1
-1
[-1, -1]
--- object
[1360, 23010, 80]
[1, 1]
[100665408, 100665408]
62
[7, -1]
-1
-1
[-1, -1]
--- object
[1520, 23010, 80]
[1, 1]
[100665408, 100665408]
12
[7, -1]
-1
-1
[-1, -1]
--- object
[1680, 23010, 80]
[1, 1]
[100665408, 100665408]
62
[7, -1]
-1
-1
[-1, -1]
--- object
[1840, 23010, 80]
[1, 1]
[100665408, 100665408]
13
[7, -1]
-1
-1
[-1, -1]
--- object
[2000, 23010, 80]
[1, 1]
[100665408, 100665408]
62
[7, -1]
-1
-1
[-1, -1]
--- object
[3280, 23010, 80]
[1, 1]
[100665408, 100665408]
62
[7, -1]
-1
-1
[-1, -1]
--- object
[3120, 23010, 80]
[1, 1]
[100665408, 100665408]
62
[7, -1]
-1
-1
[-1, -1]
--- object
[2960, 23010, 80]
[1, 1]
[100665408, 100665408]
62
[7, -1]
-1
-1
[-1, -1]
--- object
[2640, 23010, 80]
[1, 1]
[100665408, 100665408]
14
[7, -1]
-1
-1
[-1, -1]
--- object
[2800, 23010, 80]
[1, 1]
[100665408, 100665408]
13
[7, -1]
-1
-1
[-1, -1]
--- object
[2160, 23010, 80]
[1, 1]
[100665408, 100665408]
12
[7, -1]
-1
-1
[-1, -1]
--- object
[2320, 23010, 80]
[1, 1]
[100665408, 100665408]
62
[7, -1]
-1
-1
[-1, -1]
--- object
[2480, 23010, 80]
[1, 1]
[100665408, 100665408]
12
[7, -1]
-1
-1
[-1, -1]
--- object
[3440, 23010, 80]
[1, 1]
[100665408, 100665408]
62
[7, -1]
-1
-1
[-1, -1]
--- object
[3600, 23010, 80]
[1, 1]
[100665408, 100665408]
62
[7, -1]
-1
-1
[-1, -1]
--- object
[3760, 23010, 80]
[1, 1]
[100665408, 100665408]
62
[7, -1]
-1
-1
[-1, -1]
--- object
[3920, 23010, 80]
[1, 1]
[100665408, 100665408]
62
[7, -1]
-1
-1
[-1, -1]
--- object
[4080, 23010, 80]
[1, 1]
[100665408, 100665408]
63
[7, -1]
-1
-1
[-1, -1]
--- object
[4080, 23010, 240]
[1, 1]
[100665408, 100665408]
60
[7, -1]
-1
-1
[-1, -1]
--- object
[3920, 23010, 240]
[1, 1]
[100665408, 100665408]
9
[7, -1]
-1
-1
[-1, -1]
--- object
[3760, 23010, 240]
[1, 1]
[100665408, 100665408]
59
[7, -1]
-1
-1
[-1, -1]
--- object
[3600, 23010, 240]
[1, 1]
[100665408, 100665408]
10
[7, -1]
-1
-1
[-1, -1]
--- object
[3440, 23010, 240]
[1, 1]
[100665408, 100665408]
9
[7, -1]
-1
-1
[-1, -1]
--- object
[3280, 23010, 240]
[1, 1]
[100665408, 100665408]
9
[7, -1]
-1
-1
[-1, -1]
--- object
[3120, 23010, 240]
[1, 1]
[100665408, 100665408]
9
[7, -1]
-1
-1
[-1, -1]
--- object
[2960, 23010, 240]
[1, 1]
[100665408, 100665408]
59
[7, -1]
-1
-1
[-1, -1]
--- object
[2800, 23010, 240]
[1, 1]
[100665408, 100665408]
59
[7, -1]
-1
-1
[-1, -1]
--- object
[2640, 23010, 240]
[1, 1]
[100665408, 100665408]
59
[7, -1]
-1
-1
[-1, -1]
--- object
[2480, 23010, 240]
[1, 1]
[100665408, 100665408]
59
[7, -1]
-1
-1
[-1, -1]
--- object
[2320, 23010, 240]
[1, 1]
[100665408, 100665408]
59
[7, -1]
-1
-1
[-1, -1]
--- object
[2160, 23010, 240]
[1, 1]
[100665408, 100665408]
10
[7, -1]
-1
-1
[-1, -1]
--- object
[2000, 23010, 240]
[1, 1]
[100665408, 100665408]
9
[7, -1]
-1
-1
[-1, -1]
--- object
[1520, 23010, 240]
[1, 1]
[100665408, 100665408]
59
[7, -1]
-1
-1
[-1, -1]
--- object
[1360, 23010, 240]
[1, 1]
[100665408, 100665408]
59
[7, -1]
-1
-1
[-1, -1]
--- object
[1200, 23010, 240]
[1, 1]
[100665408, 100665408]
10
[7, -1]
-1
-1
[-1, -1]
--- object
[1040, 23010, 240]
[1, 1]
[100665408, 100665408]
11
[7, -1]
-1
-1
[-1, -1]
--- object
[880, 23010, 240]
[1, 1]
[100665408, 100665408]
58
[7, -1]
-1
-1
[-1, -1]
--- object
[2000, 0, 240]
[14, 1]
[100665408, 100663360]
0
[49, -1]
-1
-1
[-1, -1]
--- object
[4240, 0, 320]
[10, 11]
[100665408, 100663360]
0
[27, -1]
-1
-1
[-1, -1]
--- object
[4240, 0, 80]
[13, 2]
[100665408, 100663360]
0
[26, -1]
-1
-1
[-1, -1]
--- object
[400, 0, 320]
[3, 3]
[100665408, 100663360]
0
[38, -1]
-1
-1
[-1, -1]
--- object
[80, 0, 80]
[8, 2]
[100665408, 100663360]
0
[37, -1]
-1
-1
[-1, -1]
--- object
[0, 0, 0]
[1, 1]
[100665408, 100665408]
0
[69, -1]
-1
-1
[-1, -1]
